# Logfile created on 2014-02-17 09:53:50 -0800 by logger.rb/44203
I, [2014-02-17T09:53:50.127832 #85725]  INFO -- : 0:  rack (1.5.2) from /Users/kaylamorrison/.rvm/gems/ruby-2.1.0/specifications/rack-1.5.2.gemspec
I, [2014-02-17T09:53:50.128706 #85725]  INFO -- : 0:  rulers (0.0.1) from /Users/kaylamorrison/.rvm/gems/ruby-2.1.0/specifications/rulers-0.0.1.gemspec
I, [2014-02-17T09:53:50.129272 #85725]  INFO -- : 0:  bundler (1.5.1) from /Users/kaylamorrison/.rvm/gems/ruby-2.1.0@global/specifications/bundler-1.5.1.gemspec
I, [2014-02-20T15:34:47.857460 #50903]  INFO -- : 0:  rack (1.5.2) from /Users/kaylamorrison/.rvm/gems/ruby-2.1.0/specifications/rack-1.5.2.gemspec
I, [2014-02-20T15:34:48.079843 #50903]  INFO -- : 0:  rulers (0.0.2) from /Users/kaylamorrison/codefellows/rebuilding_rails/rulers/rulers.gemspec
I, [2014-02-20T15:34:48.080539 #50903]  INFO -- : 0:  bundler (1.5.1) from /Users/kaylamorrison/.rvm/gems/ruby-2.1.0@global/specifications/bundler-1.5.1.gemspec
I, [2014-02-20T15:36:46.847957 #50970]  INFO -- : 0:  rack (1.5.2) from /Users/kaylamorrison/.rvm/gems/ruby-2.1.0/specifications/rack-1.5.2.gemspec
I, [2014-02-20T15:36:46.848619 #50970]  INFO -- : 0:  rulers (0.0.2) from /Users/kaylamorrison/.rvm/gems/ruby-2.1.0/specifications/rulers-0.0.2.gemspec
I, [2014-02-20T15:36:46.849273 #50970]  INFO -- : 0:  bundler (1.5.1) from /Users/kaylamorrison/.rvm/gems/ruby-2.1.0@global/specifications/bundler-1.5.1.gemspec
I, [2014-02-20T18:15:26.382272 #53549]  INFO -- : 0:  rack (1.5.2) from /Users/kaylamorrison/.rvm/gems/ruby-2.1.0/specifications/rack-1.5.2.gemspec
I, [2014-02-20T18:15:26.459207 #53549]  INFO -- : 0:  rulers (0.0.2) from /Users/kaylamorrison/codefellows/rebuilding_rails/rulers/rulers.gemspec
I, [2014-02-20T18:15:26.459817 #53549]  INFO -- : 0:  bundler (1.5.1) from /Users/kaylamorrison/.rvm/gems/ruby-2.1.0@global/specifications/bundler-1.5.1.gemspec
I, [2014-02-20T18:52:02.004470 #54895]  INFO -- : 0:  ffi (1.9.3) from /Users/kaylamorrison/.rvm/gems/ruby-2.1.0/specifications/ffi-1.9.3.gemspec
I, [2014-02-20T18:52:02.753137 #54895]  INFO -- : 0:  rb-fsevent (0.9.4) from /Users/kaylamorrison/.rvm/gems/ruby-2.1.0/specifications/rb-fsevent-0.9.4.gemspec
I, [2014-02-20T18:52:03.011268 #54895]  INFO -- : 0:  rb-inotify (0.9.3) from /Users/kaylamorrison/.rvm/gems/ruby-2.1.0/specifications/rb-inotify-0.9.3.gemspec
I, [2014-02-20T18:52:03.237700 #54895]  INFO -- : 0:  rb-kqueue (0.2.2) from /Users/kaylamorrison/.rvm/gems/ruby-2.1.0/specifications/rb-kqueue-0.2.2.gemspec
I, [2014-02-20T18:52:03.550397 #54895]  INFO -- : 0:  listen (1.0.3) from /Users/kaylamorrison/.rvm/gems/ruby-2.1.0/specifications/listen-1.0.3.gemspec
I, [2014-02-20T18:52:03.551340 #54895]  INFO -- : 0:  rack (1.5.2) from /Users/kaylamorrison/.rvm/gems/ruby-2.1.0/specifications/rack-1.5.2.gemspec
I, [2014-02-20T18:52:03.804065 #54895]  INFO -- : 0:  rerun (0.8.2) from /Users/kaylamorrison/.rvm/gems/ruby-2.1.0/specifications/rerun-0.8.2.gemspec
I, [2014-02-20T18:52:03.899262 #54895]  INFO -- : 0:  rulers (0.0.2) from /Users/kaylamorrison/codefellows/rebuilding_rails/rulers/rulers.gemspec
I, [2014-02-20T18:52:03.899991 #54895]  INFO -- : 0:  bundler (1.5.1) from /Users/kaylamorrison/.rvm/gems/ruby-2.1.0@global/specifications/bundler-1.5.1.gemspec
I, [2014-02-23T12:06:02.439587 #10142]  INFO -- : 0:  erubis (2.7.0) from /Users/kaylamorrison/.rvm/gems/ruby-2.1.0/specifications/erubis-2.7.0.gemspec
I, [2014-02-23T12:06:02.440265 #10142]  INFO -- : 0:  ffi (1.9.3) from /Users/kaylamorrison/.rvm/gems/ruby-2.1.0/specifications/ffi-1.9.3.gemspec
I, [2014-02-23T12:06:02.440827 #10142]  INFO -- : 0:  rb-fsevent (0.9.4) from /Users/kaylamorrison/.rvm/gems/ruby-2.1.0/specifications/rb-fsevent-0.9.4.gemspec
I, [2014-02-23T12:06:02.441338 #10142]  INFO -- : 0:  rb-inotify (0.9.3) from /Users/kaylamorrison/.rvm/gems/ruby-2.1.0/specifications/rb-inotify-0.9.3.gemspec
I, [2014-02-23T12:06:02.441845 #10142]  INFO -- : 0:  rb-kqueue (0.2.2) from /Users/kaylamorrison/.rvm/gems/ruby-2.1.0/specifications/rb-kqueue-0.2.2.gemspec
I, [2014-02-23T12:06:02.442327 #10142]  INFO -- : 0:  listen (1.0.3) from /Users/kaylamorrison/.rvm/gems/ruby-2.1.0/specifications/listen-1.0.3.gemspec
I, [2014-02-23T12:06:02.442902 #10142]  INFO -- : 0:  multi_json (1.8.4) from /Users/kaylamorrison/.rvm/gems/ruby-2.1.0/specifications/multi_json-1.8.4.gemspec
I, [2014-02-23T12:06:02.443342 #10142]  INFO -- : 0:  rack (1.5.2) from /Users/kaylamorrison/.rvm/gems/ruby-2.1.0/specifications/rack-1.5.2.gemspec
I, [2014-02-23T12:06:02.443821 #10142]  INFO -- : 0:  rerun (0.8.2) from /Users/kaylamorrison/.rvm/gems/ruby-2.1.0/specifications/rerun-0.8.2.gemspec
I, [2014-02-23T12:06:02.523652 #10142]  INFO -- : 0:  rulers (0.0.2) from /Users/kaylamorrison/codefellows/rebuilding_rails/rulers/rulers.gemspec
I, [2014-02-23T12:06:02.524227 #10142]  INFO -- : 0:  bundler (1.5.1) from /Users/kaylamorrison/.rvm/gems/ruby-2.1.0@global/specifications/bundler-1.5.1.gemspec
I, [2014-02-24T10:00:04.588212 #7677]  INFO -- : 0:  erubis (2.7.0) from /Users/kaylamorrison/.rvm/gems/ruby-2.1.0/specifications/erubis-2.7.0.gemspec
I, [2014-02-24T10:00:04.620245 #7677]  INFO -- : 0:  ffi (1.9.3) from /Users/kaylamorrison/.rvm/gems/ruby-2.1.0/specifications/ffi-1.9.3.gemspec
I, [2014-02-24T10:00:04.620872 #7677]  INFO -- : 0:  rb-fsevent (0.9.4) from /Users/kaylamorrison/.rvm/gems/ruby-2.1.0/specifications/rb-fsevent-0.9.4.gemspec
I, [2014-02-24T10:00:04.621385 #7677]  INFO -- : 0:  rb-inotify (0.9.3) from /Users/kaylamorrison/.rvm/gems/ruby-2.1.0/specifications/rb-inotify-0.9.3.gemspec
I, [2014-02-24T10:00:04.621940 #7677]  INFO -- : 0:  rb-kqueue (0.2.2) from /Users/kaylamorrison/.rvm/gems/ruby-2.1.0/specifications/rb-kqueue-0.2.2.gemspec
I, [2014-02-24T10:00:04.622578 #7677]  INFO -- : 0:  listen (1.0.3) from /Users/kaylamorrison/.rvm/gems/ruby-2.1.0/specifications/listen-1.0.3.gemspec
I, [2014-02-24T10:00:04.623124 #7677]  INFO -- : 0:  multi_json (1.8.4) from /Users/kaylamorrison/.rvm/gems/ruby-2.1.0/specifications/multi_json-1.8.4.gemspec
I, [2014-02-24T10:00:04.623692 #7677]  INFO -- : 0:  rack (1.5.2) from /Users/kaylamorrison/.rvm/gems/ruby-2.1.0/specifications/rack-1.5.2.gemspec
I, [2014-02-24T10:00:04.624041 #7677]  INFO -- : 0:  rerun (0.8.2) from /Users/kaylamorrison/.rvm/gems/ruby-2.1.0/specifications/rerun-0.8.2.gemspec
I, [2014-02-24T10:00:05.170634 #7677]  INFO -- : 0:  rulers (0.0.2) from /Users/kaylamorrison/codefellows/rebuilding_rails/rulers/rulers.gemspec
I, [2014-02-24T10:00:05.171128 #7677]  INFO -- : 0:  bundler (1.5.1) from /Users/kaylamorrison/.rvm/gems/ruby-2.1.0@global/specifications/bundler-1.5.1.gemspec
I, [2014-02-24T10:03:40.951675 #7807]  INFO -- : 0:  erubis (2.7.0) from /Users/kaylamorrison/.rvm/gems/ruby-2.1.0/specifications/erubis-2.7.0.gemspec
I, [2014-02-24T10:03:40.952430 #7807]  INFO -- : 0:  ffi (1.9.3) from /Users/kaylamorrison/.rvm/gems/ruby-2.1.0/specifications/ffi-1.9.3.gemspec
I, [2014-02-24T10:03:40.952882 #7807]  INFO -- : 0:  rb-fsevent (0.9.4) from /Users/kaylamorrison/.rvm/gems/ruby-2.1.0/specifications/rb-fsevent-0.9.4.gemspec
I, [2014-02-24T10:03:40.953288 #7807]  INFO -- : 0:  rb-inotify (0.9.3) from /Users/kaylamorrison/.rvm/gems/ruby-2.1.0/specifications/rb-inotify-0.9.3.gemspec
I, [2014-02-24T10:03:40.953710 #7807]  INFO -- : 0:  rb-kqueue (0.2.2) from /Users/kaylamorrison/.rvm/gems/ruby-2.1.0/specifications/rb-kqueue-0.2.2.gemspec
I, [2014-02-24T10:03:40.954108 #7807]  INFO -- : 0:  listen (1.0.3) from /Users/kaylamorrison/.rvm/gems/ruby-2.1.0/specifications/listen-1.0.3.gemspec
I, [2014-02-24T10:03:40.954545 #7807]  INFO -- : 0:  multi_json (1.8.4) from /Users/kaylamorrison/.rvm/gems/ruby-2.1.0/specifications/multi_json-1.8.4.gemspec
I, [2014-02-24T10:03:40.955187 #7807]  INFO -- : 0:  rack (1.5.2) from /Users/kaylamorrison/.rvm/gems/ruby-2.1.0/specifications/rack-1.5.2.gemspec
I, [2014-02-24T10:03:40.955622 #7807]  INFO -- : 0:  rerun (0.8.2) from /Users/kaylamorrison/.rvm/gems/ruby-2.1.0/specifications/rerun-0.8.2.gemspec
I, [2014-02-24T10:03:41.039532 #7807]  INFO -- : 0:  rulers (0.0.2) from /Users/kaylamorrison/codefellows/rebuilding_rails/rulers/rulers.gemspec
I, [2014-02-24T10:03:41.040096 #7807]  INFO -- : 0:  bundler (1.5.1) from /Users/kaylamorrison/.rvm/gems/ruby-2.1.0@global/specifications/bundler-1.5.1.gemspec
I, [2014-02-24T10:26:50.576164 #8866]  INFO -- : 0:  erubis (2.7.0) from /Users/kaylamorrison/.rvm/gems/ruby-2.1.0/specifications/erubis-2.7.0.gemspec
I, [2014-02-24T10:26:50.576788 #8866]  INFO -- : 0:  ffi (1.9.3) from /Users/kaylamorrison/.rvm/gems/ruby-2.1.0/specifications/ffi-1.9.3.gemspec
I, [2014-02-24T10:26:50.577311 #8866]  INFO -- : 0:  rb-fsevent (0.9.4) from /Users/kaylamorrison/.rvm/gems/ruby-2.1.0/specifications/rb-fsevent-0.9.4.gemspec
I, [2014-02-24T10:26:50.577765 #8866]  INFO -- : 0:  rb-inotify (0.9.3) from /Users/kaylamorrison/.rvm/gems/ruby-2.1.0/specifications/rb-inotify-0.9.3.gemspec
I, [2014-02-24T10:26:50.578203 #8866]  INFO -- : 0:  rb-kqueue (0.2.2) from /Users/kaylamorrison/.rvm/gems/ruby-2.1.0/specifications/rb-kqueue-0.2.2.gemspec
I, [2014-02-24T10:26:50.578571 #8866]  INFO -- : 0:  listen (1.0.3) from /Users/kaylamorrison/.rvm/gems/ruby-2.1.0/specifications/listen-1.0.3.gemspec
I, [2014-02-24T10:26:50.578982 #8866]  INFO -- : 0:  multi_json (1.8.4) from /Users/kaylamorrison/.rvm/gems/ruby-2.1.0/specifications/multi_json-1.8.4.gemspec
I, [2014-02-24T10:26:50.579421 #8866]  INFO -- : 0:  rack (1.5.2) from /Users/kaylamorrison/.rvm/gems/ruby-2.1.0/specifications/rack-1.5.2.gemspec
I, [2014-02-24T10:26:50.579801 #8866]  INFO -- : 0:  rerun (0.8.2) from /Users/kaylamorrison/.rvm/gems/ruby-2.1.0/specifications/rerun-0.8.2.gemspec
I, [2014-02-24T10:26:50.664225 #8866]  INFO -- : 0:  rulers (0.0.2) from /Users/kaylamorrison/codefellows/rebuilding_rails/rulers/rulers.gemspec
I, [2014-02-24T10:26:50.664851 #8866]  INFO -- : 0:  bundler (1.5.1) from /Users/kaylamorrison/.rvm/gems/ruby-2.1.0@global/specifications/bundler-1.5.1.gemspec
